<?xml version="1.0"?>
<component name="test-listener4">

  <extension target="org.eclipse.ecr.core.event.EventServiceComponent" point="listener">
    <listener async="true" postCommit="true" class="org.eclipse.ecr.core.event.test.DummyPostCommitEventListener" name="testPostCommit">
      <event>test1</event>
    </listener>
  </extension>

</component>
