<?xml version="1.0"?>
<component name="test-listener">

  <extension target="org.eclipse.ecr.core.event.EventServiceComponent" point="listener">
    <listener script="resources/script/listener.groovy">
      <event>test</event>
      <event>test1</event>
    </listener>
  </extension>

</component>
