<?xml version="1.0"?>
<component name="test-listener3">

  <extension target="org.eclipse.ecr.core.event.EventServiceComponent" point="listener" >
    <listener async="false" postCommit="true" script="resources/script/postCommitListener.groovy" name="testPostCommit">
      <event>test</event>
      <event>test1</event>
      <event>test3</event>
    </listener>
  </extension>

</component>
