<?xml version="1.0"?>
<component name="org.eclipse.ecr.core.storage.sql.tests.backend.core-types">

  <extension target="org.eclipse.ecr.core.schema.TypeService" point="schema">
    <schema name="testschema" src="resources/schemas/testschema.xsd" prefix="tst" />
    <schema name="testschema2" src="resources/schemas/testschema2.xsd" prefix="tst2" />
    <schema name="age" src="resources/schemas/age.xsd" prefix="age" />
    <!-- tags not in core -->
    <schema name="tag" src="resources/schemas/tag.xsd" prefix="tag"/>
  </extension>

  <extension target="org.eclipse.ecr.core.schema.TypeService" point="doctype">
    <doctype name="Root" extends="Document" />
    <doctype name="TestDoc" extends="Document">
      <schema name="testschema" />
      <prefetch>testschema</prefetch>
    </doctype>
    <doctype name="TestDoc2" extends="Document">
      <schema name="testschema2" />
      <prefetch>tst2:title</prefetch>
    </doctype>
    <doctype name="TestDoc3" extends="Document">
      <schema name="testschema" />
      <prefetch>tst:subjects</prefetch>
    </doctype>
    <doctype name="OFolder" extends="TestDoc">
      <facet name="Orderable"/>
    </doctype>
    <doctype name="Relation2" extends="Relation">
      <schema name="testschema"/>
    </doctype>
    <!-- tags not in core -->
    <doctype name="Tag" extends="Document">
      <schema name="tag"/>
      <schema name="dublincore"/>
    </doctype>
    <doctype name="Tagging" extends="Relation">
    </doctype>
    <!-- facet test -->
    <facet name="Fooable" /> <!-- no content -->
    <facet name="Aged">
      <schema name="age" />
    </facet>
    <doctype name="DocWithAge" extends="Document">
      <facet name="Aged" />
    </doctype>
  </extension>

</component>
