<?xml version="1.0"?>
<component name="org.eclipse.ecr.core.storage.sql.tests.security">
  <require>org.eclipse.ecr.core.security.SecurityService</require>

  <extension target="org.eclipse.ecr.core.security.SecurityService"
    point="permissions">
    <!--  Add a new browse permission to check read acl -->
    <permission name="ViewTest">
      <include>Browse</include>
    </permission>

  </extension>

</component>
