<?xml version="1.0"?>
<component name="org.eclipse.ecr.core.storage.sql.tests.schema.longnames" version="1.0.0">
  <extension target="org.eclipse.ecr.core.schema.TypeService" point="schema">
    <schema name="schema_name_that_is_too_long_for_oracle" src="resources/schemas/withlongfield.xsd"/>
  </extension>
  <extension target="org.eclipse.ecr.core.schema.TypeService" point="doctype">
    <doctype name="frontal_navegacio_videos_virtual_navigation" extends="Document">
      <schema name="schema_name_that_is_too_long_for_oracle"/>
      <schema name="dublincore"/>
      <schema name="common"/>
      <schema name="uid"/>
    </doctype>
  </extension>
</component>
