<?xml version="1.0"?>
<component name="org.eclipse.ecr.core.api.test.propmodel.types">

  <extension target="org.eclipse.ecr.core.schema.TypeService" point="schema">
    <schema name="test" src="resources/schemas/TestSchema.xsd" prefix="book" />
    <schema name="noblob" prefix="nb" src="resources/schemas/noblob.xsd" />
    <schema name="simpleblob" src="resources/schemas/simpleblob.xsd" />
      <schema name="simpleblob2" src="resources/schemas/simpleblob2.xsd" />
      <schema name="simpleblob3" src="resources/schemas/simpleblob3.xsd" />
    <schema name="wihtoutpref" src="resources/schemas/simpleblob.xsd" />
    <schema name="blobinlist" prefix="bil" src="resources/schemas/blobinlist.xsd" />
  </extension>

  <extension target="org.eclipse.ecr.core.schema.TypeService" point="doctype">
    <doctype name="NoBlobDocument" extends="Document">
      <schema name="noblob" />
    </doctype>

    <doctype name="SimpleBlobDocument" extends="Document">
      <schema name="simpleblob" />
    </doctype>

    <doctype name="WithoutPrefixDocument" extends="Document">
      <schema name="wihtoutpref" />
    </doctype>

    <doctype name="BlobInListDocument" extends="Document">
      <schema name="blobinlist" />
    </doctype>

      <doctype name="BlobWithTwoSchemasContainingBlob" extends="Document">
        <schema name="simpleblob" />
        <schema name="simpleblob2" />
      </doctype>

      <doctype name="BlobWithOneSchemaContainingTwoBlobs" extends="Document">
        <schema name="simpleblob3" />
      </doctype>

  </extension>

</component>
