<?xml version="1.0"?>
<component name="org.eclipse.ecr.core.api.test.propmodel.types">

  <extension target="org.eclipse.ecr.core.schema.TypeService" point="schema">
    <schema name="media" prefix="m" src="resources/schemas/media.xsd" />
  </extension>

  <extension target="org.eclipse.ecr.core.schema.TypeService" point="schema">
    <schema name="sameMedia" prefix="sameMedia" src="resources/schemas/media.xsd" />
  </extension>

  <extension target="org.eclipse.ecr.core.schema.TypeService" point="doctype">
    <doctype name="Media" extends="Document">
      <schema name="media" />
    </doctype>
    <doctype name="SameMedia" extends="Document">
      <schema name="sameMedia" />
    </doctype>
  </extension>

</component>
